12:32:27.784 Config: {
	"UseFrontend": false,
	"UseMatchmaker": false,
	"UseHTTPS": false,
	"UseAuthentication": false,
	"LogToFile": true,
	"LogVerbose": true,
	"HomepageFile": "/Public/player.html",
	"AdditionalRoutes": {},
	"EnableWebserver": true,
	"MatchmakerAddress": "",
	"MatchmakerPort": "9999",
	"PublicIp": "localhost",
	"HttpPort": 80,
	"HttpsPort": 443,
	"StreamerPort": 8888,
	"SFUPort": 8889
}
12:32:27.879 No peerConnectionConfig
12:32:27.884 Running Cirrus - The Pixel Streaming reference implementation signalling server for Unreal Engine 5.0.
12:32:27.929 WebSocket listening for Streamer connections on :8888
12:32:27.930 WebSocket listening for SFU connections on :8889
12:32:27.931 WebSocket listening for Players connections on :80
12:32:27.934 Http listening on *: 80
