16:48:15.781 Config: {
	"UseFrontend": false,
	"UseMatchmaker": false,
	"UseHTTPS": false,
	"UseAuthentication": false,
	"LogToFile": true,
	"LogVerbose": true,
	"HomepageFile": "/Public/player.html",
	"AdditionalRoutes": {},
	"EnableWebserver": true,
	"MatchmakerAddress": "",
	"MatchmakerPort": "9999",
	"PublicIp": "localhost",
	"HttpPort": 80,
	"HttpsPort": 443,
	"StreamerPort": 8888,
	"SFUPort": 8889
}
16:48:15.793 No peerConnectionConfig
16:48:15.795 Running Cirrus - The Pixel Streaming reference implementation signalling server for Unreal Engine 5.0.
16:48:15.800 WebSocket listening for Streamer connections on :8888
16:48:15.801 WebSocket listening for SFU connections on :8889
16:48:15.801 WebSocket listening for Players connections on :80
16:48:15.801 Http listening on *: 80
