11:37:59.959 Config: {
	"UseFrontend": false,
	"UseMatchmaker": false,
	"UseHTTPS": false,
	"UseAuthentication": false,
	"LogToFile": true,
	"LogVerbose": true,
	"HomepageFile": "/Public/player.html",
	"AdditionalRoutes": {},
	"EnableWebserver": true,
	"MatchmakerAddress": "",
	"MatchmakerPort": "9999",
	"PublicIp": "localhost",
	"HttpPort": 80,
	"HttpsPort": 443,
	"StreamerPort": 8888,
	"SFUPort": 8889
}
11:37:59.971 No peerConnectionConfig
11:37:59.973 Running Cirrus - The Pixel Streaming reference implementation signalling server for Unreal Engine 5.0.
11:37:59.979 WebSocket listening for Streamer connections on :8888
11:37:59.980 WebSocket listening for SFU connections on :8889
11:37:59.980 WebSocket listening for Players connections on :80
11:37:59.981 Http listening on *: 80
