21:21:09.351 Config: {
	"UseFrontend": false,
	"UseMatchmaker": false,
	"UseHTTPS": false,
	"UseAuthentication": false,
	"LogToFile": true,
	"LogVerbose": true,
	"HomepageFile": "/Public/player.html",
	"AdditionalRoutes": {},
	"EnableWebserver": true,
	"MatchmakerAddress": "",
	"MatchmakerPort": "9999",
	"PublicIp": "localhost",
	"HttpPort": 80,
	"HttpsPort": 443,
	"StreamerPort": 8888,
	"SFUPort": 8889,
	"peerConnectionOptions": "{ \"iceServers\": [{\"urls\": [\"stun:stun.l.google.com:19302\"]}] }",
	"publicIp": "115.73.137.142"
}
21:21:09.568 peerConnectionOptions = {"iceServers":[{"urls":["stun:stun.l.google.com:19302"]}]}
21:21:09.573 Running Cirrus - The Pixel Streaming reference implementation signalling server for Unreal Engine 5.0.
21:21:09.647 WebSocket listening for Streamer connections on :8888
21:21:09.649 WebSocket listening for SFU connections on :8889
21:21:09.651 WebSocket listening for Players connections on :80
21:21:09.653 Http listening on *: 80
