10:21:52.123 Config: {
	"UseFrontend": false,
	"UseMatchmaker": false,
	"UseHTTPS": false,
	"UseAuthentication": false,
	"LogToFile": true,
	"LogVerbose": true,
	"HomepageFile": "/Public/player.html",
	"AdditionalRoutes": {},
	"EnableWebserver": true,
	"MatchmakerAddress": "",
	"MatchmakerPort": "9999",
	"PublicIp": "localhost",
	"HttpPort": 80,
	"HttpsPort": 443,
	"StreamerPort": 8888,
	"SFUPort": 8889
}
10:21:52.135 No peerConnectionConfig
10:21:52.137 Running Cirrus - The Pixel Streaming reference implementation signalling server for Unreal Engine 5.0.
10:21:52.140 WebSocket listening for Streamer connections on :8888
10:21:52.141 WebSocket listening for SFU connections on :8889
10:21:52.141 WebSocket listening for Players connections on :80
10:21:52.141 Http listening on *: 80
