14:04:13.699 Config: {
	"UseFrontend": false,
	"UseMatchmaker": false,
	"UseHTTPS": false,
	"UseAuthentication": false,
	"LogToFile": true,
	"LogVerbose": true,
	"HomepageFile": "/Public/player.html",
	"AdditionalRoutes": {},
	"EnableWebserver": true,
	"MatchmakerAddress": "",
	"MatchmakerPort": "9999",
	"PublicIp": "localhost",
	"HttpPort": 80,
	"HttpsPort": 443,
	"StreamerPort": 8888,
	"SFUPort": 8889
}
14:04:13.711 No peerConnectionConfig
14:04:13.712 Running Cirrus - The Pixel Streaming reference implementation signalling server for Unreal Engine 5.0.
14:04:13.717 WebSocket listening for Streamer connections on :8888
14:04:13.718 WebSocket listening for SFU connections on :8889
14:04:13.718 WebSocket listening for Players connections on :80
14:04:13.718 Http listening on *: 80
