12:40:57.861 Config: {
	"UseFrontend": false,
	"UseMatchmaker": false,
	"UseHTTPS": false,
	"UseAuthentication": false,
	"LogToFile": true,
	"LogVerbose": true,
	"HomepageFile": "/Public/player.html",
	"AdditionalRoutes": {},
	"EnableWebserver": true,
	"MatchmakerAddress": "",
	"MatchmakerPort": "9999",
	"PublicIp": "localhost",
	"HttpPort": 80,
	"HttpsPort": 443,
	"StreamerPort": 8888,
	"SFUPort": 8889
}
12:40:57.876 No peerConnectionConfig
12:40:57.877 Running Cirrus - The Pixel Streaming reference implementation signalling server for Unreal Engine 5.0.
12:40:57.883 WebSocket listening for Streamer connections on :8888
12:40:57.883 WebSocket listening for SFU connections on :8889
12:40:57.883 WebSocket listening for Players connections on :80
12:40:57.884 Http listening on *: 80
