06:55:39.083 Config: {
	"UseFrontend": false,
	"UseMatchmaker": false,
	"UseHTTPS": false,
	"UseAuthentication": false,
	"LogToFile": true,
	"LogVerbose": true,
	"HomepageFile": "/Public/player.html",
	"AdditionalRoutes": {},
	"EnableWebserver": true,
	"MatchmakerAddress": "",
	"MatchmakerPort": "9999",
	"PublicIp": "localhost",
	"HttpPort": 80,
	"HttpsPort": 443,
	"StreamerPort": 8888,
	"SFUPort": 8889
}
06:55:39.097 No peerConnectionConfig
06:55:39.098 Running Cirrus - The Pixel Streaming reference implementation signalling server for Unreal Engine 5.0.
06:55:39.103 WebSocket listening for Streamer connections on :8888
06:55:39.103 WebSocket listening for SFU connections on :8889
06:55:39.104 WebSocket listening for Players connections on :80
06:55:39.104 Http listening on *: 80
