20:17:03.286 Config: {
	"UseFrontend": false,
	"UseMatchmaker": false,
	"UseHTTPS": false,
	"UseAuthentication": false,
	"LogToFile": true,
	"LogVerbose": true,
	"HomepageFile": "/Public/player.html",
	"AdditionalRoutes": {},
	"EnableWebserver": true,
	"MatchmakerAddress": "",
	"MatchmakerPort": "9999",
	"PublicIp": "localhost",
	"HttpPort": 80,
	"HttpsPort": 443,
	"StreamerPort": 8888,
	"SFUPort": 8889
}
20:17:03.296 No peerConnectionConfig
20:17:03.298 Running Cirrus - The Pixel Streaming reference implementation signalling server for Unreal Engine 5.0.
20:17:03.301 WebSocket listening for Streamer connections on :8888
20:17:03.302 WebSocket listening for SFU connections on :8889
20:17:03.302 WebSocket listening for Players connections on :80
20:17:03.302 Http listening on *: 80
