17:40:12.012 Config: {
	"UseFrontend": false,
	"UseMatchmaker": false,
	"UseHTTPS": false,
	"UseAuthentication": false,
	"LogToFile": true,
	"LogVerbose": true,
	"HomepageFile": "/Public/player.html",
	"AdditionalRoutes": {},
	"EnableWebserver": true,
	"MatchmakerAddress": "",
	"MatchmakerPort": "9999",
	"PublicIp": "localhost",
	"HttpPort": 80,
	"HttpsPort": 443,
	"StreamerPort": 8888,
	"SFUPort": 8889,
	"peerConnectionOptions": "{ \"iceServers\": [{\"urls\": [\"stun:stun.l.google.com:19302\"]}] }",
	"publicIp": "115.73.137.142"
}
17:40:12.127 peerConnectionOptions = {"iceServers":[{"urls":["stun:stun.l.google.com:19302"]}]}
17:40:12.132 Running Cirrus - The Pixel Streaming reference implementation signalling server for Unreal Engine 5.0.
17:40:12.174 WebSocket listening for Streamer connections on :8888
17:40:12.176 WebSocket listening for SFU connections on :8889
17:40:12.178 WebSocket listening for Players connections on :80
17:40:12.181 Http listening on *: 80
